
=== Sat Mar 30 18:52:26 2019

Packages were changed.
Update Mode: updateDependencies

The following packages were added:
  com.unity.collab-proxy@1.2.15
The following packages were updated:
  com.unity.analytics from version 2.0.16 to 3.2.2
  com.unity.package-manager-ui from version 1.9.11 to 2.0.7
  com.unity.textmeshpro from version 1.2.4 to 1.3.0

=== Sun Feb 16 13:04:38 2020

Packages were changed.
Update Mode: updateDependencies

The following packages were added:
  com.unity.2d.tilemap@1.0.0
  com.unity.test-framework@1.1.3
  com.unity.timeline@1.2.6
  com.unity.2d.sprite@1.0.0
  com.unity.ide.vscode@1.1.2
  com.unity.ide.rider@1.1.0
  com.unity.ugui@1.0.0
  com.unity.xr.legacyinputhelpers@1.3.7
  com.unity.modules.androidjni@1.0.0
  com.unity.multiplayer-hlapi@1.0.4
The following packages were removed:
  com.unity.package-manager-ui@2.0.7

=== Sun Feb 16 14:01:12 2020

Packages were changed.
Update Mode: updateDependencies

The following packages were updated:
  com.unity.ide.rider from version 1.1.0 to 1.1.4
  com.unity.ide.vscode from version 1.1.2 to 1.1.4
  com.unity.test-framework from version 1.1.3 to 1.1.11
  com.unity.timeline from version 1.2.6 to 1.2.10
  com.unity.xr.legacyinputhelpers from version 1.3.7 to 1.3.8

=== Sun Mar 26 23:53:20 2023

Packages were changed.
Update Mode: updateDependencies

The following packages were added:
  com.unity.ide.visualstudio@2.0.16
The following packages were updated:
  com.unity.ide.vscode from version 1.1.4 to 1.2.5
  com.unity.test-framework from version 1.1.11 to 1.1.31
